2009-12-10T16:32:00-05:00 sent
2009-12-14T23:13:10-05:00 sent
2009-12-14T23:23:42-05:00 sent
2009-12-14T23:35:02-05:00 649584805 sent to phildurbin: @philipdurbin said again the library i guess
ERROR following phildurbin: Not found
ERROR following phildurbin: Could not follow user: phildurbin is already on your list.
ERROR following phildurbin: Could not follow user: phildurbin is already on your list.
ERROR following phildurbin: Could not follow user: phildurbin is already on your list.
Now following coolcorn
2009-12-18T11:45:18-05:00 659252229 sent to coolcorn: @philipdurbin said going for a run up corey hill in an hour
ERROR following coolcorn: Could not follow user: coolcorn is already on your list.
2009-12-18T12:22:30-05:00 659328447 sent to coolcorn: @philipdurbin said maybe i'll bring the kids to the zoo tomorrow
2009-12-18T12:22:32-05:00 659328517 sent to phildurbin: @philipdurbin said maybe i'll bring the kids to the zoo tomorrow
ERROR following coolcorn: Could not follow user: coolcorn is already on your list.
ERROR following coolcorn: Could not follow user: coolcorn is already on your list.
2009-12-18T14:28:30-05:00 659589471 sent to coolcorn: @philipdurbin said maybe i'll bring the kids to the zoo tomorrow
2009-12-18T17:18:44-05:00 foo bar
2009-12-18T17:26:08-05:00 Processing tweets...
2009-12-18T17:26:15-05:00 Processing tweets...
2009-12-18T17:28:10-05:00 Processing tweets...
2009-12-18T17:29:48-05:00 Processing tweets...
2009-12-18T17:29:55-05:00 Processing tweets...
2009-12-18T17:30:51-05:00 Processing tweets...
2009-12-18T17:35:21-05:00 Processing tweets...
2009-12-18T17:35:23-05:00 659973591 sent to philipdurbin: @phildurbin said maybe a trip to the garden would be fun.
2009-12-18T17:39:33-05:00 Processing tweets...
2009-12-18T17:39:49-05:00 Processing tweets...
2009-12-18T17:39:51-05:00 Not found
2009-12-18T17:43:50-05:00 Processing tweets...
2009-12-18T17:43:52-05:00 ERROR sending to philipdursafsdfabin: Not found
2009-12-18T17:45:55-05:00 Processing tweets...
2009-12-18T17:46:14-05:00 Processing tweets...
2009-12-18T17:46:14-05:00  found zoo (locid 1) in "maybe i'll bring the kids to the zoo tomorrow"
2009-12-18T17:46:14-05:00  found garden (locid 11) in "maybe a trip to the garden would be fun."
2009-12-18T17:46:14-05:00    DM to philipdurbin: @phildurbin said maybe a trip to the garden would be fun.
2009-12-18T17:46:17-05:00 659992994 sent to philipdurbin: @phildurbin said maybe a trip to the garden would be fun.
2009-12-18T17:47:56-05:00 Processing tweets...
2009-12-18T17:48:00-05:00 Processing tweets...
2009-12-18T17:49:00-05:00 Processing tweets...
2009-12-18T17:49:00-05:00 philipdurbin: tweetid  659300038: tweet: maybe i'll bring the kids to the zoo tomorrow
2009-12-18T17:49:00-05:00  found zoo (locid 1) in "maybe i'll bring the kids to the zoo tomorrow"
2009-12-18T17:49:00-05:00 phildurbin: tweetid  659451758: tweet: maybe a trip to the garden would be fun.
2009-12-18T17:49:00-05:00  found garden (locid 11) in "maybe a trip to the garden would be fun."
2009-12-18T17:49:37-05:00 Processing tweets...
2009-12-18T21:19:30-05:00 WARNING following coolcorn: Could not follow user: coolcorn is already on your list.
